In file included from [01m[K/home/dimash/catkin_ws/src/calibrate_rgb_sensor_rustam/src/ur5_nsh_experiment.cpp:15:0[m[K:
[01m[K/home/dimash/catkin_ws/src/calibrate_rgb_sensor_rustam/src/ur5_nsh_experiment.h:57:35:[m[K [01;31m[Kerror: [m[Kâ€˜[01m[KBool[m[Kâ€™ in namespace â€˜[01m[Kstd_msgs[m[Kâ€™ does not name a type
   void upCallback(const std_msgs::[01;31m[KBool[m[K::ConstPtr& msg);
                                   [01;31m[K^~~~[m[K
[01m[K/home/dimash/catkin_ws/src/calibrate_rgb_sensor_rustam/src/ur5_nsh_experiment.h:57:49:[m[K [01;31m[Kerror: [m[Kexpected unqualified-id before â€˜[01m[K&[m[Kâ€™ token
   void upCallback(const std_msgs::Bool::ConstPtr[01;31m[K&[m[K msg);
                                                 [01;31m[K^[m[K
[01m[K/home/dimash/catkin_ws/src/calibrate_rgb_sensor_rustam/src/ur5_nsh_experiment.h:57:49:[m[K [01;31m[Kerror: [m[Kexpected â€˜[01m[K)[m[Kâ€™ before â€˜[01m[K&[m[Kâ€™ token
[01m[K/home/dimash/catkin_ws/src/calibrate_rgb_sensor_rustam/src/ur5_nsh_experiment.h:57:49:[m[K [01;31m[Kerror: [m[Kexpected â€˜[01m[K;[m[Kâ€™ at end of member declaration
[01m[K/home/dimash/catkin_ws/src/calibrate_rgb_sensor_rustam/src/ur5_nsh_experiment.h:57:51:[m[K [01;31m[Kerror: [m[Kâ€˜[01m[Kmsg[m[Kâ€™ does not name a type
   void upCallback(const std_msgs::Bool::ConstPtr& [01;31m[Kmsg[m[K);
                                                   [01;31m[K^~~[m[K
[01m[K/home/dimash/catkin_ws/src/calibrate_rgb_sensor_rustam/src/ur5_nsh_experiment.h:58:37:[m[K [01;31m[Kerror: [m[Kâ€˜[01m[KBool[m[Kâ€™ in namespace â€˜[01m[Kstd_msgs[m[Kâ€™ does not name a type
   void DownCallback(const std_msgs::[01;31m[KBool[m[K::ConstPtr& msg);
                                     [01;31m[K^~~~[m[K
[01m[K/home/dimash/catkin_ws/src/calibrate_rgb_sensor_rustam/src/ur5_nsh_experiment.h:58:51:[m[K [01;31m[Kerror: [m[Kexpected unqualified-id before â€˜[01m[K&[m[Kâ€™ token
   void DownCallback(const std_msgs::Bool::ConstPtr[01;31m[K&[m[K msg);
                                                   [01;31m[K^[m[K
[01m[K/home/dimash/catkin_ws/src/calibrate_rgb_sensor_rustam/src/ur5_nsh_experiment.h:58:51:[m[K [01;31m[Kerror: [m[Kexpected â€˜[01m[K)[m[Kâ€™ before â€˜[01m[K&[m[Kâ€™ token
[01m[K/home/dimash/catkin_ws/src/calibrate_rgb_sensor_rustam/src/ur5_nsh_experiment.h:58:51:[m[K [01;31m[Kerror: [m[Kexpected â€˜[01m[K;[m[Kâ€™ at end of member declaration
[01m[K/home/dimash/catkin_ws/src/calibrate_rgb_sensor_rustam/src/ur5_nsh_experiment.h:58:53:[m[K [01;31m[Kerror: [m[Kâ€˜[01m[Kmsg[m[Kâ€™ does not name a type
   void DownCallback(const std_msgs::Bool::ConstPtr& [01;31m[Kmsg[m[K);
                                                     [01;31m[K^~~[m[K
[01m[K/home/dimash/catkin_ws/src/calibrate_rgb_sensor_rustam/src/ur5_nsh_experiment.cpp:[m[K In constructor â€˜[01m[KURutil::URutil()[m[Kâ€™:
[01m[K/home/dimash/catkin_ws/src/calibrate_rgb_sensor_rustam/src/ur5_nsh_experiment.cpp:62:63:[m[K [01;31m[Kerror: [m[Kno matching function for call to â€˜[01m[Kros::NodeHandle::subscribe(const char [10], int, void (URutil::*)(...) &, URutil*)[m[Kâ€™
  sub_up = n.subscribe("/buttonUp", 1 ,&URutil::upCallback,this[01;31m[K)[m[K
                                                               [01;31m[K^[m[K
In file included from [01m[K/opt/ros/melodic/include/ros/ros.h:45:0[m[K,
                 from [01m[K/home/dimash/catkin_ws/src/calibrate_rgb_sensor_rustam/src/ur5_nsh_experiment.cpp:1[m[K:
[01m[K/opt/ros/melodic/include/ros/node_handle.h:402:14:[m[K [01;36m[Knote: [m[Kcandidate: template<class M, class T> ros::Subscriber ros::NodeHandle::subscribe(const string&, uint32_t, void (T::*)(M), T*, const ros::TransportHints&)
   Subscriber [01;36m[Ksubscribe[m[K(const std::string& topic, uint32_t queue_size, void(T::*fp)(M), T* obj,
              [01;36m[K^~~~~~~~~[m[K
[01m[K/opt/ros/melodic/include/ros/node_handle.h:402:14:[m[K [01;36m[Knote: [m[K  template argument deduction/substitution failed:
[01m[K/home/dimash/catkin_ws/src/calibrate_rgb_sensor_rustam/src/ur5_nsh_experiment.cpp:62:63:[m[K [01;36m[Knote: [m[K  mismatched types â€˜[01m[Kvoid (T::)(M)[m[Kâ€™ and â€˜[01m[Kvoid (URutil::)(...) &[m[Kâ€™
  sub_up = n.subscribe("/buttonUp", 1 ,&URutil::upCallback,this[01;36m[K)[m[K
                                                               [01;36m[K^[m[K
In file included from [01m[K/opt/ros/melodic/include/ros/ros.h:45:0[m[K,
                 from [01m[K/home/dimash/catkin_ws/src/calibrate_rgb_sensor_rustam/src/ur5_nsh_experiment.cpp:1[m[K:
[01m[K/opt/ros/melodic/include/ros/node_handle.h:413:14:[m[K [01;36m[Knote: [m[Kcandidate: template<class M, class T> ros::Subscriber ros::NodeHandle::subscribe(const string&, uint32_t, void (T::*)(M) const, T*, const ros::TransportHints&)
   Subscriber [01;36m[Ksubscribe[m[K(const std::string& topic, uint32_t queue_size, void(T::*fp)(M) const, T* obj,
              [01;36m[K^~~~~~~~~[m[K
[01m[K/opt/ros/melodic/include/ros/node_handle.h:413:14:[m[K [01;36m[Knote: [m[K  template argument deduction/substitution failed:
[01m[K/home/dimash/catkin_ws/src/calibrate_rgb_sensor_rustam/src/ur5_nsh_experiment.cpp:62:63:[m[K [01;36m[Knote: [m[K  types â€˜[01m[Kvoid (T::)(M) const[m[Kâ€™ and â€˜[01m[Kvoid (URutil::)(...) &[m[Kâ€™ have incompatible cv-qualifiers
  sub_up = n.subscribe("/buttonUp", 1 ,&URutil::upCallback,this[01;36m[K)[m[K
                                                               [01;36m[K^[m[K
In file included from [01m[K/opt/ros/melodic/include/ros/ros.h:45:0[m[K,
                 from [01m[K/home/dimash/catkin_ws/src/calibrate_rgb_sensor_rustam/src/ur5_nsh_experiment.cpp:1[m[K:
[01m[K/opt/ros/melodic/include/ros/node_handle.h:465:14:[m[K [01;36m[Knote: [m[Kcandidate: template<class M, class T> ros::Subscriber ros::NodeHandle::subscribe(const string&, uint32_t, void (T::*)(const boost::shared_ptr<const M>&), T*, const ros::TransportHints&)
   Subscriber [01;36m[Ksubscribe[m[K(const std::string& topic, uint32_t queue_size,
              [01;36m[K^~~~~~~~~[m[K
[01m[K/opt/ros/melodic/include/ros/node_handle.h:465:14:[m[K [01;36m[Knote: [m[K  template argument deduction/substitution failed:
[01m[K/home/dimash/catkin_ws/src/calibrate_rgb_sensor_rustam/src/ur5_nsh_experiment.cpp:62:63:[m[K [01;36m[Knote: [m[K  mismatched types â€˜[01m[Kvoid (T::)(const boost::shared_ptr<const M>&)[m[Kâ€™ and â€˜[01m[Kvoid (URutil::)(...) &[m[Kâ€™
  sub_up = n.subscribe("/buttonUp", 1 ,&URutil::upCallback,this[01;36m[K)[m[K
                                                               [01;36m[K^[m[K
In file included from [01m[K/opt/ros/melodic/include/ros/ros.h:45:0[m[K,
                 from [01m[K/home/dimash/catkin_ws/src/calibrate_rgb_sensor_rustam/src/ur5_nsh_experiment.cpp:1[m[K:
[01m[K/opt/ros/melodic/include/ros/node_handle.h:475:14:[m[K [01;36m[Knote: [m[Kcandidate: template<class M, class T> ros::Subscriber ros::NodeHandle::subscribe(const string&, uint32_t, void (T::*)(const boost::shared_ptr<const M>&) const, T*, const ros::TransportHints&)
   Subscriber [01;36m[Ksubscribe[m[K(const std::string& topic, uint32_t queue_size,
              [01;36m[K^~~~~~~~~[m[K
[01m[K/opt/ros/melodic/include/ros/node_handle.h:475:14:[m[K [01;36m[Knote: [m[K  template argument deduction/substitution failed:
[01m[K/home/dimash/catkin_ws/src/calibrate_rgb_sensor_rustam/src/ur5_nsh_experiment.cpp:62:63:[m[K [01;36m[Knote: [m[K  types â€˜[01m[Kvoid (T::)(const boost::shared_ptr<const M>&) const[m[Kâ€™ and â€˜[01m[Kvoid (URutil::)(...) &[m[Kâ€™ have incompatible cv-qualifiers
  sub_up = n.subscribe("/buttonUp", 1 ,&URutil::upCallback,this[01;36m[K)[m[K
                                                               [01;36m[K^[m[K
In file included from [01m[K/opt/ros/melodic/include/ros/ros.h:45:0[m[K,
                 from [01m[K/home/dimash/catkin_ws/src/calibrate_rgb_sensor_rustam/src/ur5_nsh_experiment.cpp:1[m[K:
[01m[K/opt/ros/melodic/include/ros/node_handle.h:529:14:[m[K [01;36m[Knote: [m[Kcandidate: template<class M, class T> ros::Subscriber ros::NodeHandle::subscribe(const string&, uint32_t, void (T::*)(M), const boost::shared_ptr<U>&, const ros::TransportHints&)
   Subscriber [01;36m[Ksubscribe[m[K(const std::string& topic, uint32_t queue_size, void(T::*fp)(M),
              [01;36m[K^~~~~~~~~[m[K
[01m[K/opt/ros/melodic/include/ros/node_handle.h:529:14:[m[K [01;36m[Knote: [m[K  template argument deduction/substitution failed:
[01m[K/home/dimash/catkin_ws/src/calibrate_rgb_sensor_rustam/src/ur5_nsh_experiment.cpp:62:63:[m[K [01;36m[Knote: [m[K  mismatched types â€˜[01m[Kvoid (T::)(M)[m[Kâ€™ and â€˜[01m[Kvoid (URutil::)(...) &[m[Kâ€™
  sub_up = n.subscribe("/buttonUp", 1 ,&URutil::upCallback,this[01;36m[K)[m[K
                                                               [01;36m[K^[m[K
In file included from [01m[K/opt/ros/melodic/include/ros/ros.h:45:0[m[K,
                 from [01m[K/home/dimash/catkin_ws/src/calibrate_rgb_sensor_rustam/src/ur5_nsh_experiment.cpp:1[m[K:
[01m[K/opt/ros/melodic/include/ros/node_handle.h:540:14:[m[K [01;36m[Knote: [m[Kcandidate: template<class M, class T> ros::Subscriber ros::NodeHandle::subscribe(const string&, uint32_t, void (T::*)(M) const, const boost::shared_ptr<U>&, const ros::TransportHints&)
   Subscriber [01;36m[Ksubscribe[m[K(const std::string& topic, uint32_t queue_size, void(T::*fp)(M) const,
              [01;36m[K^~~~~~~~~[m[K
[01m[K/opt/ros/melodic/include/ros/node_handle.h:540:14:[m[K [01;36m[Knote: [m[K  template argument deduction/substitution failed:
[01m[K/home/dimash/catkin_ws/src/calibrate_rgb_sensor_rustam/src/ur5_nsh_experiment.cpp:62:63:[m[K [01;36m[Knote: [m[K  types â€˜[01m[Kvoid (T::)(M) const[m[Kâ€™ and â€˜[01m[Kvoid (URutil::)(...) &[m[Kâ€™ have incompatible cv-qualifiers
  sub_up = n.subscribe("/buttonUp", 1 ,&URutil::upCallback,this[01;36m[K)[m[K
                                                               [01;36m[K^[m[K
In file included from [01m[K/opt/ros/melodic/include/ros/ros.h:45:0[m[K,
                 from [01m[K/home/dimash/catkin_ws/src/calibrate_rgb_sensor_rustam/src/ur5_nsh_experiment.cpp:1[m[K:
[01m[K/opt/ros/melodic/include/ros/node_handle.h:594:14:[m[K [01;36m[Knote: [m[Kcandidate: template<class M, class T> ros::Subscriber ros::NodeHandle::subscribe(const string&, uint32_t, void (T::*)(const boost::shared_ptr<const M>&), const boost::shared_ptr<U>&, const ros::TransportHints&)
   Subscriber [01;36m[Ksubscribe[m[K(const std::string& topic, uint32_t queue_size,
              [01;36m[K^~~~~~~~~[m[K
[01m[K/opt/ros/melodic/include/ros/node_handle.h:594:14:[m[K [01;36m[Knote: [m[K  template argument deduction/substitution failed:
[01m[K/home/dimash/catkin_ws/src/calibrate_rgb_sensor_rustam/src/ur5_nsh_experiment.cpp:62:63:[m[K [01;36m[Knote: [m[K  mismatched types â€˜[01m[Kvoid (T::)(const boost::shared_ptr<const M>&)[m[Kâ€™ and â€˜[01m[Kvoid (URutil::)(...) &[m[Kâ€™
  sub_up = n.subscribe("/buttonUp", 1 ,&URutil::upCallback,this[01;36m[K)[m[K
                                                               [01;36m[K^[m[K
In file included from [01m[K/opt/ros/melodic/include/ros/ros.h:45:0[m[K,
                 from [01m[K/home/dimash/catkin_ws/src/calibrate_rgb_sensor_rustam/src/ur5_nsh_experiment.cpp:1[m[K:
[01m[K/opt/ros/melodic/include/ros/node_handle.h:605:14:[m[K [01;36m[Knote: [m[Kcandidate: template<class M, class T> ros::Subscriber ros::NodeHandle::subscribe(const string&, uint32_t, void (T::*)(const boost::shared_ptr<const M>&) const, const boost::shared_ptr<U>&, const ros::TransportHints&)
   Subscriber [01;36m[Ksubscribe[m[K(const std::string& topic, uint32_t queue_size,
              [01;36m[K^~~~~~~~~[m[K
[01m[K/opt/ros/melodic/include/ros/node_handle.h:605:14:[m[K [01;36m[Knote: [m[K  template argument deduction/substitution failed:
[01m[K/home/dimash/catkin_ws/src/calibrate_rgb_sensor_rustam/src/ur5_nsh_experiment.cpp:62:63:[m[K [01;36m[Knote: [m[K  types â€˜[01m[Kvoid (T::)(const boost::shared_ptr<const M>&) const[m[Kâ€™ and â€˜[01m[Kvoid (URutil::)(...) &[m[Kâ€™ have incompatible cv-qualifiers
  sub_up = n.subscribe("/buttonUp", 1 ,&URutil::upCallback,this[01;36m[K)[m[K
                                                               [01;36m[K^[m[K
In file included from [01m[K/opt/ros/melodic/include/ros/ros.h:45:0[m[K,
                 from [01m[K/home/dimash/catkin_ws/src/calibrate_rgb_sensor_rustam/src/ur5_nsh_experiment.cpp:1[m[K:
[01m[K/opt/ros/melodic/include/ros/node_handle.h:656:14:[m[K [01;36m[Knote: [m[Kcandidate: template<class M> ros::Subscriber ros::NodeHandle::subscribe(const string&, uint32_t, void (*)(M), const ros::TransportHints&)
   Subscriber [01;36m[Ksubscribe[m[K(const std::string& topic, uint32_t queue_size, void(*fp)(M), const TransportHints& transport_hints = TransportHints())
              [01;36m[K^~~~~~~~~[m[K
[01m[K/opt/ros/melodic/include/ros/node_handle.h:656:14:[m[K [01;36m[Knote: [m[K  template argument deduction/substitution failed:
[01m[K/home/dimash/catkin_ws/src/calibrate_rgb_sensor_rustam/src/ur5_nsh_experiment.cpp:62:63:[m[K [01;36m[Knote: [m[K  mismatched types â€˜[01m[Kvoid (*)(M)[m[Kâ€™ and â€˜[01m[Kvoid (URutil::*)(...) &[m[Kâ€™
  sub_up = n.subscribe("/buttonUp", 1 ,&URutil::upCallback,this[01;36m[K)[m[K
                                                               [01;36m[K^[m[K
In file included from [01m[K/opt/ros/melodic/include/ros/ros.h:45:0[m[K,
                 from [01m[K/home/dimash/catkin_ws/src/calibrate_rgb_sensor_rustam/src/ur5_nsh_experiment.cpp:1[m[K:
[01m[K/opt/ros/melodic/include/ros/node_handle.h:704:14:[m[K [01;36m[Knote: [m[Kcandidate: template<class M> ros::Subscriber ros::NodeHandle::subscribe(const string&, uint32_t, void (*)(const boost::shared_ptr<const M>&), const ros::TransportHints&)
   Subscriber [01;36m[Ksubscribe[m[K(const std::string& topic, uint32_t queue_size, void(*fp)(const boost::shared_ptr<M const>&), const TransportHints& transport_hints = TransportHints())
              [01;36m[K^~~~~~~~~[m[K
[01m[K/opt/ros/melodic/include/ros/node_handle.h:704:14:[m[K [01;36m[Knote: [m[K  template argument deduction/substitution failed:
[01m[K/home/dimash/catkin_ws/src/calibrate_rgb_sensor_rustam/src/ur5_nsh_experiment.cpp:62:63:[m[K [01;36m[Knote: [m[K  mismatched types â€˜[01m[Kvoid (*)(const boost::shared_ptr<const M>&)[m[Kâ€™ and â€˜[01m[Kvoid (URutil::*)(...) &[m[Kâ€™
  sub_up = n.subscribe("/buttonUp", 1 ,&URutil::upCallback,this[01;36m[K)[m[K
                                                               [01;36m[K^[m[K
In file included from [01m[K/opt/ros/melodic/include/ros/ros.h:45:0[m[K,
                 from [01m[K/home/dimash/catkin_ws/src/calibrate_rgb_sensor_rustam/src/ur5_nsh_experiment.cpp:1[m[K:
[01m[K/opt/ros/melodic/include/ros/node_handle.h:750:14:[m[K [01;36m[Knote: [m[Kcandidate: template<class M> ros::Subscriber ros::NodeHandle::subscribe(const string&, uint32_t, const boost::function<void(const boost::shared_ptr<const M>&)>&, const VoidConstPtr&, const ros::TransportHints&)
   Subscriber [01;36m[Ksubscribe[m[K(const std::string& topic, uint32_t queue_size, const boost::function<void (const boost::shared_ptr<M const>&)>& callback,
              [01;36m[K^~~~~~~~~[m[K
[01m[K/opt/ros/melodic/include/ros/node_handle.h:750:14:[m[K [01;36m[Knote: [m[K  template argument deduction/substitution failed:
[01m[K/home/dimash/catkin_ws/src/calibrate_rgb_sensor_rustam/src/ur5_nsh_experiment.cpp:62:63:[m[K [01;36m[Knote: [m[K  mismatched types â€˜[01m[Kconst boost::function<void(const boost::shared_ptr<const M>&)>[m[Kâ€™ and â€˜[01m[Kvoid (URutil::*)(...) &[m[Kâ€™
  sub_up = n.subscribe("/buttonUp", 1 ,&URutil::upCallback,this[01;36m[K)[m[K
                                                               [01;36m[K^[m[K
In file included from [01m[K/opt/ros/melodic/include/ros/ros.h:45:0[m[K,
                 from [01m[K/home/dimash/catkin_ws/src/calibrate_rgb_sensor_rustam/src/ur5_nsh_experiment.cpp:1[m[K:
[01m[K/opt/ros/melodic/include/ros/node_handle.h:799:14:[m[K [01;36m[Knote: [m[Kcandidate: template<class M, class C> ros::Subscriber ros::NodeHandle::subscribe(const string&, uint32_t, const boost::function<void(C)>&, const VoidConstPtr&, const ros::TransportHints&)
   Subscriber [01;36m[Ksubscribe[m[K(const std::string& topic, uint32_t queue_size, const boost::function<void (C)>& callback,
              [01;36m[K^~~~~~~~~[m[K
[01m[K/opt/ros/melodic/include/ros/node_handle.h:799:14:[m[K [01;36m[Knote: [m[K  template argument deduction/substitution failed:
[01m[K/home/dimash/catkin_ws/src/calibrate_rgb_sensor_rustam/src/ur5_nsh_experiment.cpp:62:63:[m[K [01;36m[Knote: [m[K  mismatched types â€˜[01m[Kconst boost::function<void(C)>[m[Kâ€™ and â€˜[01m[Kvoid (URutil::*)(...) &[m[Kâ€™
  sub_up = n.subscribe("/buttonUp", 1 ,&URutil::upCallback,this[01;36m[K)[m[K
                                                               [01;36m[K^[m[K
In file included from [01m[K/opt/ros/melodic/include/ros/ros.h:45:0[m[K,
                 from [01m[K/home/dimash/catkin_ws/src/calibrate_rgb_sensor_rustam/src/ur5_nsh_experiment.cpp:1[m[K:
[01m[K/opt/ros/melodic/include/ros/node_handle.h:836:14:[m[K [01;36m[Knote: [m[Kcandidate: ros::Subscriber ros::NodeHandle::subscribe(ros::SubscribeOptions&)
   Subscriber [01;36m[Ksubscribe[m[K(SubscribeOptions& ops);
              [01;36m[K^~~~~~~~~[m[K
[01m[K/opt/ros/melodic/include/ros/node_handle.h:836:14:[m[K [01;36m[Knote: [m[K  candidate expects 1 argument, 4 provided
[01m[K/home/dimash/catkin_ws/src/calibrate_rgb_sensor_rustam/src/ur5_nsh_experiment.cpp:[m[K At global scope:
[01m[K/home/dimash/catkin_ws/src/calibrate_rgb_sensor_rustam/src/ur5_nsh_experiment.cpp:105:45:[m[K [01;31m[Kerror: [m[Kno â€˜[01m[Kvoid URutil::downCallback(std_msgs::Bool)[m[Kâ€™ member function declared in class â€˜[01m[KURutil[m[Kâ€™
 void URutil::downCallback(std_msgs::Bool msg[01;31m[K)[m[K
                                             [01;31m[K^[m[K
[01m[K/home/dimash/catkin_ws/src/calibrate_rgb_sensor_rustam/src/ur5_nsh_experiment.cpp:109:6:[m[K [01;31m[Kerror: [m[Kprototype for â€˜[01m[Kvoid URutil::upCallback(std_msgs::Bool)[m[Kâ€™ does not match any in class â€˜[01m[KURutil[m[Kâ€™
 void [01;31m[KURutil[m[K::upCallback(std_msgs::Bool msg)
      [01;31m[K^~~~~~[m[K
In file included from [01m[K/home/dimash/catkin_ws/src/calibrate_rgb_sensor_rustam/src/ur5_nsh_experiment.cpp:15:0[m[K:
[01m[K/home/dimash/catkin_ws/src/calibrate_rgb_sensor_rustam/src/ur5_nsh_experiment.h:57:8:[m[K [01;31m[Kerror: [m[Kcandidate is: void URutil::upCallback(...) &
   void [01;31m[KupCallback[m[K(const std_msgs::Bool::ConstPtr& msg);
        [01;31m[K^~~~~~~~~~[m[K
[01m[K/home/dimash/catkin_ws/src/calibrate_rgb_sensor_rustam/src/ur5_nsh_experiment.cpp:[m[K In function â€˜[01m[Kint main(int, char**)[m[Kâ€™:
[01m[K/home/dimash/catkin_ws/src/calibrate_rgb_sensor_rustam/src/ur5_nsh_experiment.cpp:243:7:[m[K [01;31m[Kerror: [m[Kâ€˜[01m[Kup_button_pressed_[m[Kâ€™ was not declared in this scope
   if ([01;31m[Kup_button_pressed_[m[K && down_button_pressed_){
       [01;31m[K^~~~~~~~~~~~~~~~~~[m[K
[01m[K/home/dimash/catkin_ws/src/calibrate_rgb_sensor_rustam/src/ur5_nsh_experiment.cpp:243:29:[m[K [01;31m[Kerror: [m[Kâ€˜[01m[Kdown_button_pressed_[m[Kâ€™ was not declared in this scope
   if (up_button_pressed_ && [01;31m[Kdown_button_pressed_[m[K){
                             [01;31m[K^~~~~~~~~~~~~~~~~~~~[m[K
make[2]: *** [CMakeFiles/ur5_nsh_experiment.dir/src/ur5_nsh_experiment.cpp.o] Error 1
make[1]: *** [CMakeFiles/ur5_nsh_experiment.dir/all] Error 2
make: *** [all] Error 2
