In file included from [01m[K/home/dimash/catkin_ws/src/calibrate_rgb_sensor_rustam/src/ur5_nsh_experiment.cpp:15:0[m[K:
[01m[K/home/dimash/catkin_ws/src/calibrate_rgb_sensor_rustam/src/ur5_nsh_experiment.h:57:35:[m[K [01;31m[Kerror: [m[Kâ€˜[01m[KBool[m[Kâ€™ in namespace â€˜[01m[Kstd_msgs[m[Kâ€™ does not name a type
   void upCallback(const std_msgs::[01;31m[KBool[m[K& msg);
                                   [01;31m[K^~~~[m[K
[01m[K/home/dimash/catkin_ws/src/calibrate_rgb_sensor_rustam/src/ur5_nsh_experiment.h:58:37:[m[K [01;31m[Kerror: [m[Kâ€˜[01m[KBool[m[Kâ€™ in namespace â€˜[01m[Kstd_msgs[m[Kâ€™ does not name a type
   void DownCallback(const std_msgs::[01;31m[KBool[m[K& msg);
                                     [01;31m[K^~~~[m[K
[01m[K/home/dimash/catkin_ws/src/calibrate_rgb_sensor_rustam/src/ur5_nsh_experiment.cpp:[m[K In constructor â€˜[01m[KURutil::URutil()[m[Kâ€™:
[01m[K/home/dimash/catkin_ws/src/calibrate_rgb_sensor_rustam/src/ur5_nsh_experiment.cpp:63:2:[m[K [01;31m[Kerror: [m[Kexpected â€˜[01m[K;[m[Kâ€™ before â€˜[01m[Ksub_down[m[Kâ€™
  [01;31m[Ksub_down[m[K = n.subscribe("/buttonDown", 1 ,&URutil::downCallback,this)
  [01;31m[K^~~~~~~~[m[K
[01m[K/home/dimash/catkin_ws/src/calibrate_rgb_sensor_rustam/src/ur5_nsh_experiment.cpp:[m[K At global scope:
[01m[K/home/dimash/catkin_ws/src/calibrate_rgb_sensor_rustam/src/ur5_nsh_experiment.cpp:105:46:[m[K [01;31m[Kerror: [m[Kno â€˜[01m[Kvoid URutil::downCallback(std_msgs::Bool&)[m[Kâ€™ member function declared in class â€˜[01m[KURutil[m[Kâ€™
 void URutil::downCallback(std_msgs::Bool& msg[01;31m[K)[m[K
                                              [01;31m[K^[m[K
[01m[K/home/dimash/catkin_ws/src/calibrate_rgb_sensor_rustam/src/ur5_nsh_experiment.cpp:109:6:[m[K [01;31m[Kerror: [m[Kprototype for â€˜[01m[Kvoid URutil::upCallback(std_msgs::Bool&)[m[Kâ€™ does not match any in class â€˜[01m[KURutil[m[Kâ€™
 void [01;31m[KURutil[m[K::upCallback(std_msgs::Bool& msg)
      [01;31m[K^~~~~~[m[K
In file included from [01m[K/home/dimash/catkin_ws/src/calibrate_rgb_sensor_rustam/src/ur5_nsh_experiment.cpp:15:0[m[K:
[01m[K/home/dimash/catkin_ws/src/calibrate_rgb_sensor_rustam/src/ur5_nsh_experiment.h:57:8:[m[K [01;31m[Kerror: [m[Kcandidate is: void URutil::upCallback(const int&)
   void [01;31m[KupCallback[m[K(const std_msgs::Bool& msg);
        [01;31m[K^~~~~~~~~~[m[K
[01m[K/home/dimash/catkin_ws/src/calibrate_rgb_sensor_rustam/src/ur5_nsh_experiment.cpp:[m[K In function â€˜[01m[Kint main(int, char**)[m[Kâ€™:
[01m[K/home/dimash/catkin_ws/src/calibrate_rgb_sensor_rustam/src/ur5_nsh_experiment.cpp:243:7:[m[K [01;31m[Kerror: [m[Kâ€˜[01m[Kup_button_pressed_[m[Kâ€™ was not declared in this scope
   if ([01;31m[Kup_button_pressed_[m[K && down_button_pressed_){
       [01;31m[K^~~~~~~~~~~~~~~~~~[m[K
[01m[K/home/dimash/catkin_ws/src/calibrate_rgb_sensor_rustam/src/ur5_nsh_experiment.cpp:243:29:[m[K [01;31m[Kerror: [m[Kâ€˜[01m[Kdown_button_pressed_[m[Kâ€™ was not declared in this scope
   if (up_button_pressed_ && [01;31m[Kdown_button_pressed_[m[K){
                             [01;31m[K^~~~~~~~~~~~~~~~~~~~[m[K
In file included from [01m[K/opt/ros/melodic/include/ros/serialization.h:37:0[m[K,
                 from [01m[K/opt/ros/melodic/include/ros/publisher.h:34[m[K,
                 from [01m[K/opt/ros/melodic/include/ros/node_handle.h:32[m[K,
                 from [01m[K/opt/ros/melodic/include/ros/ros.h:45[m[K,
                 from [01m[K/home/dimash/catkin_ws/src/calibrate_rgb_sensor_rustam/src/ur5_nsh_experiment.cpp:1[m[K:
/opt/ros/melodic/include/ros/message_traits.h: In instantiation of â€˜[01m[Kstatic const char* ros::message_traits::MD5Sum<M>::value() [with M = int][m[Kâ€™:
[01m[K/opt/ros/melodic/include/ros/message_traits.h:227:102:[m[K   required from â€˜[01m[Kconst char* ros::message_traits::md5sum() [with M = int][m[Kâ€™
[01m[K/opt/ros/melodic/include/ros/subscribe_options.h:89:49:[m[K   required from â€˜[01m[Kvoid ros::SubscribeOptions::initByFullCallbackType(const string&, uint32_t, const boost::function<void(P)>&, const boost::function<boost::shared_ptr<typename ros::ParameterAdapter<P>::Message>()>&) [with P = const int&; std::__cxx11::string = std::__cxx11::basic_string<char>; uint32_t = unsigned int; typename ros::ParameterAdapter<P>::Message = int][m[Kâ€™
[01m[K/opt/ros/melodic/include/ros/node_handle.h:406:5:[m[K   required from â€˜[01m[Kros::Subscriber ros::NodeHandle::subscribe(const string&, uint32_t, void (T::*)(M), T*, const ros::TransportHints&) [with M = const int&; T = URutil; std::__cxx11::string = std::__cxx11::basic_string<char>; uint32_t = unsigned int][m[Kâ€™
[01m[K/home/dimash/catkin_ws/src/calibrate_rgb_sensor_rustam/src/ur5_nsh_experiment.cpp:62:63:[m[K   required from here
[01m[K/opt/ros/melodic/include/ros/message_traits.h:120:28:[m[K [01;31m[Kerror: [m[Kâ€˜[01m[K__s_getMD5Sum[m[Kâ€™ is not a member of â€˜[01m[Kint[m[Kâ€™
     return [01;31m[KM::__s_getMD5Sum()[m[K.c_str();
            [01;31m[K~~~~~~~~~~~~~~~~^~[m[K
/opt/ros/melodic/include/ros/message_traits.h: In instantiation of â€˜[01m[Kstatic const char* ros::message_traits::DataType<M>::value() [with M = int][m[Kâ€™:
[01m[K/opt/ros/melodic/include/ros/message_traits.h:236:104:[m[K   required from â€˜[01m[Kconst char* ros::message_traits::datatype() [with M = int][m[Kâ€™
[01m[K/opt/ros/melodic/include/ros/subscribe_options.h:90:53:[m[K   required from â€˜[01m[Kvoid ros::SubscribeOptions::initByFullCallbackType(const string&, uint32_t, const boost::function<void(P)>&, const boost::function<boost::shared_ptr<typename ros::ParameterAdapter<P>::Message>()>&) [with P = const int&; std::__cxx11::string = std::__cxx11::basic_string<char>; uint32_t = unsigned int; typename ros::ParameterAdapter<P>::Message = int][m[Kâ€™
[01m[K/opt/ros/melodic/include/ros/node_handle.h:406:5:[m[K   required from â€˜[01m[Kros::Subscriber ros::NodeHandle::subscribe(const string&, uint32_t, void (T::*)(M), T*, const ros::TransportHints&) [with M = const int&; T = URutil; std::__cxx11::string = std::__cxx11::basic_string<char>; uint32_t = unsigned int][m[Kâ€™
[01m[K/home/dimash/catkin_ws/src/calibrate_rgb_sensor_rustam/src/ur5_nsh_experiment.cpp:62:63:[m[K   required from here
[01m[K/opt/ros/melodic/include/ros/message_traits.h:137:30:[m[K [01;31m[Kerror: [m[Kâ€˜[01m[K__s_getDataType[m[Kâ€™ is not a member of â€˜[01m[Kint[m[Kâ€™
     return [01;31m[KM::__s_getDataType()[m[K.c_str();
            [01;31m[K~~~~~~~~~~~~~~~~~~^~[m[K
make[2]: *** [CMakeFiles/ur5_nsh_experiment.dir/src/ur5_nsh_experiment.cpp.o] Error 1
make[1]: *** [CMakeFiles/ur5_nsh_experiment.dir/all] Error 2
make: *** [all] Error 2
