[01m[K/home/dimash/catkin_ws/src/calibrate_rgb_sensor_rustam/src/ur5_nsh_experiment.cpp:[m[K In function â€˜[01m[Kint main(int, char**)[m[Kâ€™:
[01m[K/home/dimash/catkin_ws/src/calibrate_rgb_sensor_rustam/src/ur5_nsh_experiment.cpp:210:13:[m[K [01;31m[Kerror: [m[Kâ€˜[01m[Kweiss_height[m[Kâ€™ was not declared in this scope
  Z_TARGET = [01;31m[Kweiss_height[m[K - honeycomb_buckling_height; // Target position for Z-coordinate of end-effector
             [01;31m[K^~~~~~~~~~~~[m[K
[01m[K/home/dimash/catkin_ws/src/calibrate_rgb_sensor_rustam/src/ur5_nsh_experiment.cpp:210:28:[m[K [01;31m[Kerror: [m[Kâ€˜[01m[Khoneycomb_buckling_height[m[Kâ€™ was not declared in this scope
  Z_TARGET = weiss_height - [01;31m[Khoneycomb_buckling_height[m[K; // Target position for Z-coordinate of end-effector
                            [01;31m[K^~~~~~~~~~~~~~~~~~~~~~~~~[m[K
make[2]: *** [CMakeFiles/ur5_nsh_experiment.dir/src/ur5_nsh_experiment.cpp.o] Error 1
make[1]: *** [CMakeFiles/ur5_nsh_experiment.dir/all] Error 2
make: *** [all] Error 2
