[01m[K/home/dimash/catkin_ws/src/calibrate_rgb_sensor_rustam/src/ur5_nsh_experiment.cpp:[m[K In member function â€˜[01m[Kvoid PoseShow::pose_now()[m[Kâ€™:
[01m[K/home/dimash/catkin_ws/src/calibrate_rgb_sensor_rustam/src/ur5_nsh_experiment.cpp:155:44:[m[K [01;31m[Kerror: [m[Kâ€˜[01m[Koldef_to_newef[m[Kâ€™ was not declared in this scope
  Z_NOW = nowtransform.getOrigin().getZ() - [01;31m[Koldef_to_newef[m[K; // get Z position of tool0 relative to base frame
                                            [01;31m[K^~~~~~~~~~~~~~[m[K
make[2]: *** [CMakeFiles/ur5_nsh_experiment.dir/src/ur5_nsh_experiment.cpp.o] Error 1
make[1]: *** [CMakeFiles/ur5_nsh_experiment.dir/all] Error 2
make: *** [all] Error 2
