[01m[K/home/dimash/catkin_ws/src/calibrate_rgb_sensor_rustam/src/ur5_nsh_experiment.cpp:[m[K In constructor â€˜[01m[KURutil::URutil()[m[Kâ€™:
[01m[K/home/dimash/catkin_ws/src/calibrate_rgb_sensor_rustam/src/ur5_nsh_experiment.cpp:64:52:[m[K [01;31m[Kerror: [m[Kâ€˜[01m[KdownCallback[m[Kâ€™ is not a member of â€˜[01m[KURutil[m[Kâ€™
  sub_down = n.subscribe("/buttonDown", 1 ,&URutil::[01;31m[KdownCallback[m[K,this);
                                                    [01;31m[K^~~~~~~~~~~~[m[K
[01m[K/home/dimash/catkin_ws/src/calibrate_rgb_sensor_rustam/src/ur5_nsh_experiment.cpp:[m[K At global scope:
[01m[K/home/dimash/catkin_ws/src/calibrate_rgb_sensor_rustam/src/ur5_nsh_experiment.cpp:108:46:[m[K [01;31m[Kerror: [m[Kno â€˜[01m[Kvoid URutil::downCallback(std_msgs::Bool)[m[Kâ€™ member function declared in class â€˜[01m[KURutil[m[Kâ€™
 void URutil::downCallback(std_msgs::Bool down[01;31m[K)[m[K
                                              [01;31m[K^[m[K
[01m[K/home/dimash/catkin_ws/src/calibrate_rgb_sensor_rustam/src/ur5_nsh_experiment.cpp:[m[K In function â€˜[01m[Kint main(int, char**)[m[Kâ€™:
[01m[K/home/dimash/catkin_ws/src/calibrate_rgb_sensor_rustam/src/ur5_nsh_experiment.cpp:246:7:[m[K [01;31m[Kerror: [m[Kâ€˜[01m[Kup_button_pressed_[m[Kâ€™ was not declared in this scope
   if ([01;31m[Kup_button_pressed_[m[K && down_button_pressed_){
       [01;31m[K^~~~~~~~~~~~~~~~~~[m[K
[01m[K/home/dimash/catkin_ws/src/calibrate_rgb_sensor_rustam/src/ur5_nsh_experiment.cpp:246:29:[m[K [01;31m[Kerror: [m[Kâ€˜[01m[Kdown_button_pressed_[m[Kâ€™ was not declared in this scope
   if (up_button_pressed_ && [01;31m[Kdown_button_pressed_[m[K){
                             [01;31m[K^~~~~~~~~~~~~~~~~~~~[m[K
make[2]: *** [CMakeFiles/ur5_nsh_experiment.dir/src/ur5_nsh_experiment.cpp.o] Error 1
make[1]: *** [CMakeFiles/ur5_nsh_experiment.dir/all] Error 2
make: *** [all] Error 2
