[01m[K/home/dimash/catkin_ws/src/calibrate_rgb_sensor_rustam/src/ur5_nsh_experiment.cpp:108:6:[m[K [01;31m[Kerror: [m[Kprototype for â€˜[01m[Kvoid URutil::downCallback(std_msgs::Bool&)[m[Kâ€™ does not match any in class â€˜[01m[KURutil[m[Kâ€™
 void [01;31m[KURutil[m[K::downCallback(std_msgs::Bool& down)
      [01;31m[K^~~~~~[m[K
In file included from [01m[K/home/dimash/catkin_ws/src/calibrate_rgb_sensor_rustam/src/ur5_nsh_experiment.cpp:16:0[m[K:
[01m[K/home/dimash/catkin_ws/src/calibrate_rgb_sensor_rustam/src/ur5_nsh_experiment.h:58:8:[m[K [01;31m[Kerror: [m[Kcandidate is: void URutil::downCallback(const Bool&)
   void [01;31m[KdownCallback[m[K(const std_msgs::Bool& down);
        [01;31m[K^~~~~~~~~~~~[m[K
[01m[K/home/dimash/catkin_ws/src/calibrate_rgb_sensor_rustam/src/ur5_nsh_experiment.cpp:112:6:[m[K [01;31m[Kerror: [m[Kprototype for â€˜[01m[Kvoid URutil::upCallback(std_msgs::Bool&)[m[Kâ€™ does not match any in class â€˜[01m[KURutil[m[Kâ€™
 void [01;31m[KURutil[m[K::upCallback(std_msgs::Bool& up)
      [01;31m[K^~~~~~[m[K
In file included from [01m[K/home/dimash/catkin_ws/src/calibrate_rgb_sensor_rustam/src/ur5_nsh_experiment.cpp:16:0[m[K:
[01m[K/home/dimash/catkin_ws/src/calibrate_rgb_sensor_rustam/src/ur5_nsh_experiment.h:57:8:[m[K [01;31m[Kerror: [m[Kcandidate is: void URutil::upCallback(const Bool&)
   void [01;31m[KupCallback[m[K(const std_msgs::Bool& up);
        [01;31m[K^~~~~~~~~~[m[K
[01m[K/home/dimash/catkin_ws/src/calibrate_rgb_sensor_rustam/src/ur5_nsh_experiment.cpp:[m[K In function â€˜[01m[Kint main(int, char**)[m[Kâ€™:
[01m[K/home/dimash/catkin_ws/src/calibrate_rgb_sensor_rustam/src/ur5_nsh_experiment.cpp:246:7:[m[K [01;31m[Kerror: [m[Kâ€˜[01m[Kup_button_pressed_[m[Kâ€™ was not declared in this scope
   if ([01;31m[Kup_button_pressed_[m[K && down_button_pressed_){
       [01;31m[K^~~~~~~~~~~~~~~~~~[m[K
[01m[K/home/dimash/catkin_ws/src/calibrate_rgb_sensor_rustam/src/ur5_nsh_experiment.cpp:246:29:[m[K [01;31m[Kerror: [m[Kâ€˜[01m[Kdown_button_pressed_[m[Kâ€™ was not declared in this scope
   if (up_button_pressed_ && [01;31m[Kdown_button_pressed_[m[K){
                             [01;31m[K^~~~~~~~~~~~~~~~~~~~[m[K
make[2]: *** [CMakeFiles/ur5_nsh_experiment.dir/src/ur5_nsh_experiment.cpp.o] Error 1
make[1]: *** [CMakeFiles/ur5_nsh_experiment.dir/all] Error 2
make: *** [all] Error 2
